<?xml version="1.0" encoding="UTF-8"?>
<!-- Generated by org.testng.reporters.JUnitReportReporter -->
<testsuite skipped="0" hostname="WPURB66452" name="com.stta.SuiteOne.SuiteOneCaseOne" tests="2" failures="0" timestamp="17 Dec 2019 09:58:36 GMT" time="43.450" errors="0">
  <testcase name="SuiteOneCaseOneTest" time="41.104" classname="com.stta.SuiteOne.SuiteOneCaseOne"/>
  <testcase name="SuiteOneCaseOneTest" time="2.346" classname="com.stta.SuiteOne.SuiteOneCaseOne"/>
</testsuite> <!-- com.stta.SuiteOne.SuiteOneCaseOne -->
