<?xml version="1.0" encoding="UTF-8"?>
<!-- Generated by org.testng.reporters.JUnitReportReporter -->
<testsuite skipped="0" hostname="WPURB66452" name="com.stta.SuiteOne.SuiteOneCaseTwo" tests="2" failures="0" timestamp="12 Dec 2019 11:54:09 GMT" time="0.017" errors="0">
  <testcase name="SuiteOneCaseTwoTest" time="0.008" classname="com.stta.SuiteOne.SuiteOneCaseTwo"/>
  <testcase name="SuiteOneCaseTwoTest" time="0.009" classname="com.stta.SuiteOne.SuiteOneCaseTwo"/>
</testsuite> <!-- com.stta.SuiteOne.SuiteOneCaseTwo -->
