<?xml version="1.0" encoding="UTF-8"?>
<!-- Generated by org.testng.reporters.JUnitReportReporter -->
<testsuite skipped="0" hostname="WPURB66452" name="com.stta.SuiteTwo.SuiteTwoCaseTwo" tests="2" failures="0" timestamp="12 Dec 2019 11:54:09 GMT" time="0.016" errors="0">
  <testcase name="SuiteTwoCaseTwoTest" time="0.010" classname="com.stta.SuiteTwo.SuiteTwoCaseTwo"/>
  <testcase name="SuiteTwoCaseTwoTest" time="0.006" classname="com.stta.SuiteTwo.SuiteTwoCaseTwo"/>
</testsuite> <!-- com.stta.SuiteTwo.SuiteTwoCaseTwo -->
