<?xml version="1.0" encoding="UTF-8"?>
<!-- Generated by org.testng.reporters.JUnitReportReporter -->
<testsuite skipped="0" hostname="WPURB66452" name="com.stta.SuiteTwo.SuiteTwoCaseOne" tests="2" failures="0" timestamp="12 Dec 2019 11:54:09 GMT" time="0.011" errors="0">
  <testcase name="SuiteTwoCaseOneTest" time="0.004" classname="com.stta.SuiteTwo.SuiteTwoCaseOne"/>
  <testcase name="SuiteTwoCaseOneTest" time="0.007" classname="com.stta.SuiteTwo.SuiteTwoCaseOne"/>
</testsuite> <!-- com.stta.SuiteTwo.SuiteTwoCaseOne -->
